<?xml version="1.0" encoding="UTF-8"?>
<beans xmlns="http://www.springframework.org/schema/beans"
       xmlns:xsi="http://www.w3.org/2001/XMLSchema-instance"
       xmlns:context="http://www.springframework.org/schema/context"
       xsi:schemaLocation="http://www.springframework.org/schema/beans
                           http://www.springframework.org/schema/beans/spring-beans-3.2.xsd
                           http://www.springframework.org/schema/context
                           http://www.springframework.org/schema/context/spring-context-3.2.xsd">

    <context:annotation-config/>
    <context:component-scan base-package="ua.com.juja.positiv.sqlcmd"/>

    <bean id="service" class="ua.com.juja.positiv.sqlcmd.service.ServiceImpl">
        <property name="commands">
            <list>
                <value>connect</value>
                <value>create-table</value>
                <value>tables</value>
                <value>create-database</value>
                <value>delete-database</value>
            </list>
        </property>
        <lookup-method name="getManager" bean="postgreDatabaseManager"/>
    </bean>

    <bean id="userActionsDao" class="ua.com.juja.positiv.sqlcmd.databasemanager.UserActionsDaoImpl">
        <property name="dataSource" ref="logDataSource"/>
    </bean>

    <bean id="logDataSource" class="org.apache.commons.dbcp.BasicDataSource" destroy-method="close">
        <property name="driverClassName" value="${log.jdbc.driverClassName}"/>
        <property name="url" value="${log.jdbc.url}"/>
        <property name="username" value="${log.jdbc.username}"/>
        <property name="password" value="${log.jdbc.password}"/>
    </bean>

    <context:property-placeholder location="classpath:log.jdbc.properties"/>
</beans>